<?xml version="1.0" encoding="UTF-8"?>
<!-- Generated by org.testng.reporters.JUnitReportReporter -->
<testsuite hostname="DESKTOP-2FAOSDT" failures="0" tests="1" name="com.abinbev.carina.demo.CucumberWebSampleTest" time="46.622" errors="0" timestamp="2022-03-21T21:45:25 IST" skipped="0">
  <testcase classname="com.abinbev.carina.demo.CucumberWebSampleTest" name="feature" time="46.622"/>
  <system-out/>
</testsuite> <!-- com.abinbev.carina.demo.CucumberWebSampleTest -->
